\BOOKMARK [1][-]{section.1}{Introduction}{}% 1
\BOOKMARK [2][-]{subsection.1.1}{The prime challenge}{section.1}% 2
\BOOKMARK [2][-]{subsection.1.2}{Context}{section.1}% 3
\BOOKMARK [2][-]{subsection.1.3}{Semantic web}{section.1}% 4
\BOOKMARK [2][-]{subsection.1.4}{Main research question}{section.1}% 5
\BOOKMARK [2][-]{subsection.1.5}{Approach}{section.1}% 6
\BOOKMARK [1][-]{section.2}{Theoretical framework}{}% 7
\BOOKMARK [2][-]{subsection.2.1}{Decision making: science or art?}{section.2}% 8
\BOOKMARK [2][-]{subsection.2.2}{Detecting premature information}{section.2}% 9
\BOOKMARK [2][-]{subsection.2.3}{Transformation of information into decisions}{section.2}% 10
\BOOKMARK [2][-]{subsection.2.4}{Generalisation}{section.2}% 11
\BOOKMARK [2][-]{subsection.2.5}{Software product management}{section.2}% 12
\BOOKMARK [2][-]{subsection.2.6}{Conclusion}{section.2}% 13
\BOOKMARK [1][-]{section.3}{Methodology}{}% 14
\BOOKMARK [2][-]{subsection.3.1}{Research question}{section.3}% 15
\BOOKMARK [2][-]{subsection.3.2}{Scientific approach}{section.3}% 16
\BOOKMARK [2][-]{subsection.3.3}{Activities}{section.3}% 17
\BOOKMARK [2][-]{subsection.3.4}{Validation}{section.3}% 18
\BOOKMARK [1][-]{section.4}{Contribution}{}% 19
\BOOKMARK [2][-]{subsection.4.1}{Decision design pattern}{section.4}% 20
\BOOKMARK [2][-]{subsection.4.2}{Evidence-based management pattern}{section.4}% 21
\BOOKMARK [2][-]{subsection.4.3}{Decision ontology pattern}{section.4}% 22
\BOOKMARK [2][-]{subsection.4.4}{Decision presentation pattern}{section.4}% 23
\BOOKMARK [1][-]{section.5}{Validation}{}% 24
\BOOKMARK [2][-]{subsection.5.1}{Scenario 1: Requirements prioritisation}{section.5}% 25
\BOOKMARK [2][-]{subsection.5.2}{Scenario 2: Alternative solution selection}{section.5}% 26
\BOOKMARK [1][-]{section.6}{Conclusion}{}% 27
\BOOKMARK [2][-]{subsection.6.1}{Summary of our results}{section.6}% 28
\BOOKMARK [2][-]{subsection.6.2}{Main research question}{section.6}% 29
\BOOKMARK [2][-]{subsection.6.3}{Discussion}{section.6}% 30
\BOOKMARK [1][-]{Item.37}{References}{}% 31
